 ! -------------------------------------------------------------
 ! Initializing
 ! Date: 20-may-2021 20:46:52
 ! t=  0.000000000000000E+000
 &INIT_PARS
 CVSID   = $Id: start.in,v 1.1 2020/08/12 13:29:40 brandenb Exp $                                                                    
                                                                                                                                     
   ,
 IP      =          14,
 XYZ0    = 3*-9.424778      ,
 XYZ1    = 3*9.424778       ,
 LXYZ    = 3*3.9084999E+37  ,
 LPERI   = 3*T,
 LSHIFT_ORIGIN   = 3*F,
 LSHIFT_ORIGIN_LOWER     = 3*F,
 XYZ_UNITS       = one                                     one                                     one                               
       ,
 WAV1    =  3.9084999E+37,
 COORD_SYSTEM    = cartesian,
 LPOLE   = 3*F,
 NCOARSE =           8,
 LFIX_UNIT_STD   = F,
 LEQUIDIST       = 3*T,
 COEFF_GRID      = 3*1.000000       ,
 ZETA_GRID0      =  0.0000000E+00,
 GRID_FUNC       = linear                                  linear                                  linear                            
       ,
 XYZ_STAR        = 3*0.0000000E+00  ,
 LWRITE_IC       = T,
 LWRITE_AVG1D_BINARY     = F,
 LNOWRITE        = F,
 LUNIFORM_Z_MESH_ASPECT_RATIO    = F,
 UNIT_SYSTEM     = cgs,
 UNIT_LENGTH     =  3.908499939081371E+037,
 LMODIFY = F,
 MODIFY_FILENAME = modify.dat                                                                                                        
                      ,
 DVID    =  0.0000000E+00,
 LDIVU_PERP      = F,
 UNIT_VELOCITY   =  3.908499939081371E+037,
 UNIT_DENSITY    =  3.908499939081371E+037,
 UNIT_TEMPERATURE        =  3.908499939081371E+037,
 UNIT_MAGNETIC   =  3.908499939081371E+037,
 C_LIGHT =  3.908499939081371E+037,
 G_NEWTON        =  3.908499939081371E+037,
 HBAR    =  3.908499939081371E+037,
 RANDOM_GEN      = min_std                                 ,
 SEED0   =        1812,
 LSEED_GLOBAL    = T,
 NFILTER =           0,
 LSERIAL_IO      = F,
 DER2_TYPE       = standard                                ,
 LREAD_OLDSNAP   = F,
 LWRITE_VAR_ANYWAY       = F,
 LWRITE_LAST_POWERSNAP   = F,
 LREAD_OLDSNAP_NOMAG     = F,
 LREAD_OLDSNAP_NOPSCALAR = F,
 LREAD_OLDSNAP_NOTESTFLOW        = F,
 LREAD_OLDSNAP_NOTESTFIELD       = F,
 LREAD_OLDSNAP_NOTESTSCALAR      = F,
 LREAD_OLDSNAP_NOSHEAR   = F,
 IRESET_TSTART   =           2,
 TSTART  =   1.000000    ,
 LGHOSTFOLD_USEBSPLINE   = F,
 LREAD_AUX       = T,
 LWRITE_AUX      = T,
 LKINFLOW_AS_AUX = F,
 PRETEND_LNTT    = F,
 LPROCZ_SLOWEST  = T,
 LCOPYSNAPSHOTS_EXP      = F,
 BCX     = p      p      p      p      p      p      p      ,
 BCY     = p      p      p      p      p      p      p      ,
 BCZ     = p      p      p      p      p      p      p      ,
 R_INT   =  0.0000000E+00,
 R_EXT   =  3.9084999E+37,
 R_REF   =   1.000000    ,
 RSMOOTH =  0.0000000E+00,
 R_INT_BORDER    =  3.9084999E+37,
 R_EXT_BORDER    =  3.9084999E+37,
 MU0     =   1.000000    ,
 FORCE_LOWER_BOUND       =                                         ,
 FORCE_UPPER_BOUND       =                                         ,
 TSTART  =   1.000000    ,
 LSEPARATE_PERSIST       = F,
 LDISTRIBUTE_PERSIST     = F,
 LPERSIST        = T,
 LOMIT_ADD_DATA  = F,
 FBCX1   = 7*0.0000000E+00  ,
 FBCX2   = 7*0.0000000E+00  ,
 FBCX1_2 = 7*0.0000000E+00  ,
 FBCX2_2 = 7*0.0000000E+00  ,
 FBCY1   = 7*0.0000000E+00  ,
 FBCY2   = 7*0.0000000E+00  ,
 FBCY1_1 = 7*0.0000000E+00  ,
 FBCY1_2 = 7*0.0000000E+00  ,
 FBCY2_1 = 7*0.0000000E+00  ,
 FBCY2_2 = 7*0.0000000E+00  ,
 FBCZ1   = 7*0.0000000E+00  ,
 FBCZ2   = 7*0.0000000E+00  ,
 FBCZ1_1 = 7*0.0000000E+00  ,
 FBCZ1_2 = 7*0.0000000E+00  ,
 FBCZ2_1 = 7*0.0000000E+00  ,
 FBCZ2_2 = 7*0.0000000E+00  ,
 FBCX_BOT        = 7*0.0000000E+00  ,
 FBCX_TOP        = 7*0.0000000E+00  ,
 FBCY_BOT        = 7*0.0000000E+00  ,
 FBCY_TOP        = 7*0.0000000E+00  ,
 FBCZ_BOT        = 7*0.0000000E+00  ,
 FBCZ_TOP        = 7*0.0000000E+00  ,
 BC_SLC_DIR      =                                                                                                                   
                      ,
 XYZ_STEP        = 6*1.000000       ,
 XI_STEP_FRAC    = 6*1.000000       ,
 XI_STEP_WIDTH   = 6*1.500000       ,
 DXI_FACT        = 3*1.000000       ,
 TRANS_WIDTH     = 3*1.000000       ,
 LCYLINDER_IN_A_BOX      = F,
 LSPHERE_IN_A_BOX        = F,
 LLOCAL_ISO      = F,
 INIT_LOOPS      =           1,
 LWRITE_2D       = F,
 LCYLINDRICAL_GRAVITY    = F,
 BORDER_FRAC_X   = 2*0.0000000E+00  ,
 BORDER_FRAC_Y   = 2*0.0000000E+00  ,
 BORDER_FRAC_Z   = 2*0.0000000E+00  ,
 LBORDER_HYPER_DIFF      = T,
 LUSE_LATITUDE   = F,
 LSHIFT_DATACUBE_X       = F,
 LFARGO_ADVECTION        = F,
 YEQUATOR        =  0.0000000E+00,
 LEQUATORY       = F,
 LEQUATORZ       = F,
 ZEQUATOR        =  0.0000000E+00,
 LAV_SMALLX      = F,
 XAV_MAX =  3.9084999E+37,
 NITER_POISSON   =           0,
 LFORCE_SHEAR_BC = T,
 LREAD_FROM_OTHER_PREC   = F,
 PIPE_FUNC       = error_function                          ,
 GLNCROSSSEC0    =  0.0000000E+00,
 CROSSSEC_X1     =  -1.000000    ,
 CROSSSEC_X2     =   1.000000    ,
 CROSSSEC_W      =  0.1000000    ,
 LCOROTATIONAL_FRAME     = F,
 RCOROT  =   1.000000    ,
 LPROPER_AVERAGES        = F,
 LDIRECT_ACCESS  = F,
 LTOLERATE_NAMELIST_ERRORS       = F,
 LYINYANG        = F,
 CYINYANG_INTPOL_TYPE    = bilinear                                ,
 YY_BIQUAD_WEIGHTS       = 4*3.9084999E+37  ,
 LCUTOFF_CORNERS = F,
 NYCUT   =         102,
 NZCUT   =         198,
 REL_DANG        =  0.0000000E+00,
 SIGMASB_SET     =   1.00000000000000     ,
 C_LIGHT_SET     =   1.00000000000000     ,
 K_B_SET =   1.00000000000000     ,
 M_U_SET =   1.00000000000000     ,
 LNOGHOST_STRATI = F,
 ICHANNEL1       =           1,
 ICHANNEL2       =           1,
 TAG_FOREIGN     =           0
 /
 &EOS_INIT_PARS
 XHE     =  0.0000000E+00,
 MU      =   1.000000    ,
 CP      =  3.9084999E+37,
 CS0     =  0.5773503    ,
 RHO0    =   1.000000    ,
 GAMMA   =   1.000000    ,
 ERROR_CP        =  1.0000000E-06,
 SIGMASBT        =   1.000000    ,
 LANELASTIC_LIN  = F,
 LCS_AS_AUX      = F,
 LCS_AS_COMAUX   = F,
 FAC_CS  =   1.000000    ,
 ISOTHMID        =           0,
 LSTRATZ = F,
 GZTYPE  = zero                                    ,
 GZ_COEFF        =  0.0000000E+00,
 LPRES_GRAD      = F
 /
 &HYDRO_INIT_PARS
 AMPLUU  = 5*0.0000000E+00  ,
 AMPL_UX = 5*0.0000000E+00  ,
 AMPL_UY = 5*0.0000000E+00  ,
 AMPL_UZ = 5*0.0000000E+00  ,
 PHASE_UX        = 5*0.0000000E+00  ,
 PHASE_UY        = 5*0.0000000E+00  ,
 PHASE_UZ        = 5*0.0000000E+00  ,
 INITUU  = nothing                                 nothing                                 nothing                                 no
 thing                                 nothing                                 ,
 WIDTHUU =  0.1000000    ,
 RADIUSUU        =   1.000000    ,
 URAND   =  0.0000000E+00,
 URANDI  =  0.0000000E+00,
 LPRESSUREGRADIENT_GAS   = T,
 UU_XZ_ANGLE     = 5*0.0000000E+00  ,
 RELHEL_UU       =   1.000000    ,
 COEFUU  = 3*(0.0000000E+00,0.0000000E+00),
 R_OMEGA =  0.0000000E+00,
 W_OMEGA =  0.0000000E+00,
 UU_LEFT =  0.0000000E+00,
 UU_RIGHT        =  0.0000000E+00,
 UU_LOWER        =   1.000000    ,
 UU_UPPER        =   1.000000    ,
 KX_UU   =   1.000000    ,
 KY_UU   =   1.000000    ,
 KZ_UU   =   1.000000    ,
 KX_UX   = 5*0.0000000E+00  ,
 KY_UX   = 5*0.0000000E+00  ,
 KZ_UX   = 5*0.0000000E+00  ,
 KX_UY   = 5*0.0000000E+00  ,
 KY_UY   = 5*0.0000000E+00  ,
 KZ_UY   = 5*0.0000000E+00  ,
 KX_UZ   = 5*0.0000000E+00  ,
 KY_UZ   = 5*0.0000000E+00  ,
 KZ_UZ   = 5*0.0000000E+00  ,
 UY_LEFT =  0.0000000E+00,
 UY_RIGHT        =  0.0000000E+00,
 UU_CONST        = 3*0.0000000E+00  ,
 OMEGA   =  0.0000000E+00,
 U_OUT_KEP       =  0.0000000E+00,
 INITPOWER       =   1.000000    ,
 INITPOWER2      =  -1.666667    ,
 CUTOFF  =  0.0000000E+00,
 NCUTOFF =   1.000000    ,
 KPEAK   =   10.00000    ,
 KGAUSSIAN_UU    =  0.0000000E+00,
 LRELATIVISTIC   = F,
 LSKIP_PROJECTION        = F,
 Z1_UU   =  0.0000000E+00,
 Z2_UU   =  0.0000000E+00,
 N_MODES_UU      =           0,
 LCORIOLIS_FORCE = T,
 LCENTRIFUGAL_FORCE      = F,
 LADVECTION_VELOCITY     = T,
 LPRECESSION     = F,
 OMEGA_PRECESSION        =  0.0000000E+00,
 ALPHA_PRECESSION        =  0.0000000E+00,
 VELOCITY_CEILING        =  0.0000000E+00,
 LOO_AS_AUX      = F,
 LUUT_AS_AUX     = F,
 LOOT_AS_AUX     = F,
 MU_OMEGA        =  0.0000000E+00,
 NB_RINGS        =           0,
 OM_RINGS        = 5*0.0000000E+00  ,
 GAP     =  0.0000000E+00,
 LSCALE_TOBOX    = T,
 AMPL_OMEGA      =  0.0000000E+00,
 OMEGA_INI       =  0.0000000E+00,
 R_CYL   =   1.000000    ,
 SKIN_DEPTH      =  0.1000000    ,
 INCL_ALPHA      =  0.0000000E+00,
 ROT_RR  =  0.0000000E+00,
 XSPHERE =  0.0000000E+00,
 YSPHERE =  0.0000000E+00,
 ZSPHERE =  0.0000000E+00,
 NEDDY   =           0,
 AMP_MERI_CIRC   =  0.0000000E+00,
 RNOISE_INT      =  3.9084999E+37,
 RNOISE_EXT      =  3.9084999E+37,
 LREFLECTEDDY    = F,
 LOUINIT = F,
 HYDRO_XAVER_RANGE       = -3.4028235E+37,  3.4028235E+37,
 MAX_UU  =  0.0000000E+00,
 AMP_FACTOR      =  0.0000000E+00,
 KX_UU_PERTURB   =  0.0000000E+00,
 LLINEARIZED_HYDRO       = F,
 HYDRO_ZAVER_RANGE       = -3.4028235E+37,  3.4028235E+37,
 INDEX_RSH       =           1,
 LL_SH   = 5*0,
 MM_SH   = 5*0,
 DELTA_U =   1.000000    ,
 N_XPROF = 5*-1,
 LUU_FLUC_AS_AUX = F,
 LUU_SPH_AS_AUX  = F
 /
 &DENSITY_INIT_PARS
 AMPLLNRHO       = 5*0.0000000E+00  ,
 INITLNRHO       = nothing                                 nothing                                 nothing                           
       nothing                                 nothing                                 ,
 WIDTHLNRHO      = 5*0.1000000      ,
 RHO_LEFT        = 5*1.000000       ,
 RHO_RIGHT       = 5*1.000000       ,
 LNRHO_CONST     =  0.0000000E+00,
 HRHO    =   1.000000    ,
 RHO_CONST       =   1.000000    ,
 CS2BOT  =  3.9084999E+37,
 CS2TOP  =  3.9084999E+37,
 RADIUS_LNRHO    = 5*0.5000000      ,
 EPS_PLANET      =  0.5000000    ,
 XBLOB   = 5*0.0000000E+00  ,
 YBLOB   = 5*0.0000000E+00  ,
 ZBLOB   = 5*0.0000000E+00  ,
 B_ELL   =   1.000000    ,
 Q_ELL   =   5.000000    ,
 HH0     =  0.0000000E+00,
 RBOUND  =   1.000000    ,
 LWRITE_STRATIFICATION   = F,
 MPOLY   =  3.9084999E+37,
 GGAMMA  =  3.9084999E+37,
 STRATI_TYPE     = lnrho_ss                                ,
 BETA_GLNRHO_GLOBAL      = 3*0.0000000E+00  ,
 KX_LNRHO        = 5*1.000000       ,
 KY_LNRHO        = 5*1.000000       ,
 KZ_LNRHO        = 5*1.000000       ,
 AMPLRHO = 5*0.0000000E+00  ,
 PHASE_LNRHO     = 5*0.0000000E+00  ,
 COEFLNRHO       = (0.0000000E+00,0.0000000E+00),
 KXX_LNRHO       = 5*0.0000000E+00  ,
 KYY_LNRHO       = 5*0.0000000E+00  ,
 KZZ_LNRHO       = 5*0.0000000E+00  ,
 CO1_SS  =  0.0000000E+00,
 CO2_SS  =  0.0000000E+00,
 SIGMA1  =   150.0000    ,
 IDIFF   =                                                                                                                           
                                       ,
 LDENSITY_NOLOG  = F,
 WDAMP   =  0.0000000E+00,
 LCONTINUITY_GAS = T,
 LISOTHERMAL_FIXED_HRHO  = F,
 DENSITY_FLOOR   =  -1.000000    ,
 LANTI_SHOCKDIFFUSION    = F,
 LMASSDIFF_FIX   = F,
 LMASSDIFF_FIXMOM        = F,
 LMASSDIFF_FIXKIN        = F,
 LRHO_AS_AUX     = F,
 LDIFFUSION_NOLOG        = F,
 LNRHO_Z_SHIFT   =  0.0000000E+00,
 POWERLR =   3.000000    ,
 ZOVERH  =   1.500000    ,
 HOVERR  =  5.0000001E-02,
 LFFREE  = F,
 FFREE_PROFILE   = none                                    ,
 RZERO_FFREE     =  0.0000000E+00,
 WFFREE  =  0.0000000E+00,
 RHO_TOP =   1.000000    ,
 RHO_BOTTOM      =   1.000000    ,
 R0_RHO  =  3.9084999E+37,
 INVGRAV_AMPL    =  0.0000000E+00,
 RNOISE_INT      =  3.9084999E+37,
 RNOISE_EXT      =  3.9084999E+37,
 DATAFILE        = dens_temp.dat                                                                                                     
                      ,
 MASS_CLOUD      =  0.0000000E+00,
 T_CLOUD =  0.0000000E+00,
 CLOUD_MODE      = isothermal                              ,
 T_CLOUD_OUT_REL =   1.000000    ,
 XI_COEFF        =   1.000000    ,
 DENSITY_XAVER_RANGE     = -3.4028235E+37,  3.4028235E+37,
 DENS_COEFF      =   1.000000    ,
 TEMP_COEFF      =   1.000000    ,
 TEMP_TRANS      =  0.0000000E+00,
 TEMP_COEFF_OUT  =   1.000000    ,
 REDUCE_CS2      =   1.000000    ,
 LREDUCED_SOUND_SPEED    = F,
 LRELATIVISTIC_EOS       = T,
 LSCALE_TO_CS2TOP        = F,
 DENSITY_ZAVER_RANGE     = -3.4028235E+37,  3.4028235E+37,
 IEOS_PROFILE    = nothing                                 ,
 WIDTH_EOS_PROF  =  0.2000000    ,
 LCONSERVE_TOTAL_MASS    = F,
 TOTAL_MASS      =  -1.000000    ,
 IREFERENCE_STATE        = nothing                                 ,
 LRHO_FLUCZ_AS_AUX       = F,
 LDENSITY_LINEARSTART    = F
 /
 &MAGNETIC_INIT_PARS
 B_EXT   = 3*0.0000000E+00  ,
 B0_EXT  = 3*0.0000000E+00  ,
 T_BEXT  =  0.0000000E+00,
 T0_BEXT =  0.0000000E+00,
 J_EXT   = 3*0.0000000E+00  ,
 LOHMIC_HEAT     = T,
 RADIUS  =  0.1000000    ,
 EPSILONAA       =  9.9999998E-03,
 ABCAA   = 3*1.000000       ,
 X0AA    =  0.0000000E+00,
 Y0AA    =  0.0000000E+00,
 Z0AA    =  0.0000000E+00,
 WIDTHAA = 3*0.5000000      ,
 RFPRADB =   1.000000    ,
 RFPRADJ =   1.000000    ,
 BY_LEFT =  0.0000000E+00,
 BY_RIGHT        =  0.0000000E+00,
 BZ_LEFT =  0.0000000E+00,
 BZ_RIGHT        =  0.0000000E+00,
 RELHEL_AA       =  0.0000000E+00,
 INITAA  = power_randomphase_hel                   nothing                                 nothing                                 no
 thing                                 nothing                                 ,
 AMPLAA  =  0.1100000    , 4*0.0000000E+00  ,
 AMPLAA2 = 5*0.0000000E+00  ,
 KX_AA   = 5*1.000000       ,
 KY_AA   = 5*1.000000       ,
 KZ_AA   = 5*1.000000       ,
 AMPLAAJ = 5*0.0000000E+00  ,
 AMPLAAB = 5*0.0000000E+00  ,
 RFPRAD  = 5*1.000000       ,
 RADRFP  =   1.000000    ,
 COEFAA  = 3*(0.0000000E+00,0.0000000E+00),
 COEFBB  = 3*(0.0000000E+00,0.0000000E+00),
 PHASE_AA        = 5*0.0000000E+00  ,
 PHASEX_AA       = 5*0.0000000E+00  ,
 PHASEY_AA       = 5*0.0000000E+00  ,
 PHASEZ_AA       = 5*0.0000000E+00  ,
 INCLAA  =  0.0000000E+00,
 LPRESS_EQUIL    = F,
 LPRESS_EQUIL_VIA_SS     = F,
 LSET_AXAY_ZERO  = F,
 MU_R    = -0.5000000    ,
 MU_EXT_POT      = -0.5000000    ,
 LB_EXT_POT      = F,
 ALP_ANISO       =  0.0000000E+00,
 LJJ_AS_COMAUX   = F,
 LSMOOTH_JJ      = F,
 LFORCE_FREE_TEST        = F,
 AMPL_B0 =  0.0000000E+00,
 N_MODES_AA      =           1,
 INITPOWER_AA    =   2.000000    ,
 INITPOWER2_AA   =  -3.666667    ,
 CUTOFF_AA       =  0.0000000E+00,
 NCUTOFF_AA      =   1.000000    ,
 KPEAK_AA        =   6.000000    ,
 LSCALE_TOBOX    = F,
 KGAUSSIAN_AA    =  0.0000000E+00,
 Z1_AA   =  0.0000000E+00,
 Z2_AA   =  0.0000000E+00,
 LCHECK_POSITIVE_VA2     = F,
 LSKIP_PROJECTION_AA     = F,
 LBB_AS_AUX      = F,
 LBB_AS_COMAUX   = F,
 LB_EXT_IN_COMAUX        = T,
 LEE_AS_AUX      = F,
 LJXB_AS_AUX     = F,
 LJJ_AS_AUX      = F,
 LBEXT_CURVILINEAR       = T,
 LBBT_AS_AUX     = F,
 LJJT_AS_AUX     = F,
 LUA_AS_AUX      = F,
 LNEUTRALION_HEAT        = T,
 CENTER1_X       =  0.0000000E+00,
 CENTER1_Y       =  0.0000000E+00,
 CENTER1_Z       =  0.0000000E+00,
 FLUXTUBE_BORDER_WIDTH   =  3.9084999E+37,
 VA2MAX_JXB      =  0.0000000E+00,
 VA2MAX_BORIS    =  0.0000000E+00,
 CMIN    =  0.0000000E+00,
 VA2POWER_JXB    =           5,
 ETA_JUMP        =  0.0000000E+00,
 LPRESS_EQUIL_ALT        = F,
 RNOISE_INT      =  3.9084999E+37,
 RNOISE_EXT      =  3.9084999E+37,
 MIX_FACTOR      =  0.0000000E+00,
 DAMP    =  0.0000000E+00,
 TWO_STEP_FACTOR =   1.000000    ,
 TH_SPOT =  0.7853982    ,
 NON_FFREE_FACTOR        =   1.000000    ,
 ETAB    =  0.0000000E+00,
 AMPL_AX = 5*0.0000000E+00  ,
 AMPL_AY = 5*0.0000000E+00  ,
 AMPL_AZ = 5*0.0000000E+00  ,
 KX_AX   = 5*0.0000000E+00  ,
 KX_AY   = 5*0.0000000E+00  ,
 KX_AZ   = 5*0.0000000E+00  ,
 KY_AX   = 5*0.0000000E+00  ,
 KY_AY   = 5*0.0000000E+00  ,
 KY_AZ   = 5*0.0000000E+00  ,
 KZ_AX   = 5*0.0000000E+00  ,
 KZ_AY   = 5*0.0000000E+00  ,
 KZ_AZ   = 5*0.0000000E+00  ,
 PHASE_AX        = 5*0.0000000E+00  ,
 PHASE_AY        = 5*0.0000000E+00  ,
 PHASE_AZ        = 5*0.0000000E+00  ,
 MAGNETIC_XAVER_RANGE    = -3.4028235E+37,  3.4028235E+37,
 AMP_RELPROF     =   1.000000    ,
 K_RELPROF       =   1.000000    ,
 TAU_RELPROF     =  0.0000000E+00,
 ZNOISE_INT      =  3.9084999E+37,
 ZNOISE_EXT      =  3.9084999E+37,
 MAGNETIC_ZAVER_RANGE    = -3.4028235E+37,  3.4028235E+37,
 LBX_EXT_GLOBAL  = F,
 LBY_EXT_GLOBAL  = F,
 LBZ_EXT_GLOBAL  = F,
 DIPOLE_MOMENT   =  0.0000000E+00,
 LAX_EXT_GLOBAL  = F,
 LAY_EXT_GLOBAL  = F,
 LAZ_EXT_GLOBAL  = F,
 ETA_JUMP2       =  0.0000000E+00,
 SHEET_POSITION  =   1.000000    ,
 SHEET_THICKNESS =  0.1000000    ,
 SHEET_HYP       =   1.000000    ,
 LL_SH   = 5*0,
 MM_SH   = 5*0,
 SOURCE_ZAV      =                                                                                                                   
                      ,
 NZAV    =           0,
 INDZAV  =           0,
 IZAV_START      =           1,
 K1HEL   =  0.0000000E+00,
 K2HEL   =  3.4028235E+37,
 LBB_SPH_AS_AUX  = F,
 R_INNER =  0.0000000E+00,
 R_OUTER =  0.0000000E+00
 /
 &SPECIAL_INIT_PARS
 CTRACE_FACTOR   = 1/3                                     ,
 CSTRESS_PREFACTOR       = 6                                       ,
 FOURTHIRD_IN_STRESS     = 4/3                                     ,
 LNO_TRANSVERSE_PART     = F,
 INITHIJ = nothing                                 ,
 INITGIJ = nothing                                 ,
 AMPLHIJ =  0.0000000E+00,
 AMPLGIJ =  0.0000000E+00,
 LSTRESS_AS_AUX  = T,
 LGAMMA_FACTOR   = F,
 LELECTMAG       = F,
 LGGTX_AS_AUX    = T,
 LHHTX_AS_AUX    = T,
 LINFLATION      = F,
 LREMOVE_TRACE   = T,
 LONLY_MAG       = F
 /
 ! -------------------------------------------------------------
 ! Running
 ! Date: 20-may-2021 20:57:48
 ! t=   1.00000000000000     
 &RUN_PARS
 CVSID   = '$Id: run.in,v 1.14 2018/06/09 23:39:28 brandenb Exp $                                                                    
                                                                                                                                     
  ',
 IP      =          14,
 XYZ0    = 3*-9.424778      ,
 XYZ1    = 3*9.424778       ,
 LXYZ    = 3*18.84956       ,
 LPERI   = 3*T,
 LSHIFT_ORIGIN   = 3*F,
 LSHIFT_ORIGIN_LOWER     = 3*F,
 COORD_SYSTEM    = 'cartesian',
 NT      =        3000,
 IT1     =           1,
 IT1START        =           0,
 IT1D    =           1,
 IT_RMV  =           0,
 DT      =  0.0000000E+00,
 CDT     =  0.7000000    ,
 DDT     =  0.0000000E+00,
 CDTV    =  0.2500000    ,
 CDTV2   =  2.9999999E-02,
 CDTV3   =  9.9999998E-03,
 CDTSRC  =  0.2000000    ,
 CDTS    =   1.000000    ,
 CDTR    =   1.000000    ,
 CDTC    =   1.000000    ,
 ISAVE   =        1000,
 ITORDER =           3,
 DSNAP   =  9.9999998E-03,
 DSNAP_DOWN      =  0.0000000E+00,
 MVAR_DOWN       =          -1,
 MAUX_DOWN       =          -1,
 D1DAVG  =  3.9084999E+37,
 D2DAVG  =   100.0000    ,
 DVID    =  9.9999998E-03,
 DSOUND  =  0.0000000E+00,
 DTMIN   =  1.0000000E-06,
 DSPEC   =  1.0000000E-03,
 TMAX    =  9.9999999E+32,
 TOUTOFF =  0.000000000000000E+000,
 IWIG    =           0,
 LDIVU_PERP      = F,
 DTRACERS        =  0.0000000E+00,
 DFIXED_POINTS   =  0.0000000E+00,
 UNIT_SYSTEM     = 'cgs',
 UNIT_LENGTH     =   1.00000000000000     ,
 UNIT_VELOCITY   =   1.00000000000000     ,
 UNIT_DENSITY    =   1.00000000000000     ,
 UNIT_TEMPERATURE        =  1.202722077580192E-008,
 UNIT_MAGNETIC   =   3.54490780830383     ,
 AWIG    =   1.000000    ,
 IALIVE  =          10,
 MAX_WALLTIME    =  0.0000000E+00,
 DTMAX   =  9.9999999E+36,
 LDT_PARONLY     = F,
 VEL_SPEC        = F,
 MAG_SPEC        = F,
 UXY_SPEC        = F,
 BXY_SPEC        = F,
 JXBXY_SPEC      = F,
 XY_SPEC = '                                                                                                                         
                                       ',
 OO_SPEC = F,
 UXJ_SPEC        = F,
 VEC_SPEC        = F,
 OU_SPEC = T,
 OUN_SPEC        = F,
 AB_SPEC = T,
 AZBZ_SPEC       = F,
 UZS_SPEC        = F,
 UB_SPEC = F,
 BB2_SPEC        = F,
 JJ2_SPEC        = F,
 LOR_SPEC        = F,
 EMF_SPEC        = F,
 TRA_SPEC        = F,
 GWS_SPEC        = T,
 GWH_SPEC        = T,
 GWM_SPEC        = T,
 STR_SPEC        = T,
 STG_SPEC        = F,
 SCL_SPEC        = T,
 VCT_SPEC        = T,
 TPQ_SPEC        = T,
 GWD_SPEC        = F,
 GWE_SPEC        = F,
 GWF_SPEC        = F,
 GWG_SPEC        = F,
 STT_SPEC        = F,
 STX_SPEC        = F,
 VEL_PHISPEC     = F,
 MAG_PHISPEC     = F,
 UXJ_PHISPEC     = F,
 VEC_PHISPEC     = F,
 OU_PHISPEC      = F,
 AB_PHISPEC      = F,
 EP_SPEC = F,
 RO_SPEC = F,
 ND_SPEC = F,
 UD_SPEC = F,
 TT_SPEC = F,
 SS_SPEC = F,
 CC_SPEC = F,
 CR_SPEC = F,
 MU_SPEC = F,
 SP_SPEC = F,
 SSP_SPEC        = F,
 SSSP_SPEC       = F,
 ISAVEGLOBAL     =           0,
 LR_SPEC = F,
 R2U_SPEC        = F,
 NP_SPEC = F,
 NP_AP_SPEC      = F,
 RHOP_SPEC       = F,
 R3U_SPEC        = F,
 RHOCC_PDF       = F,
 CC_PDF  = F,
 LNCC_PDF        = F,
 GCC_PDF = F,
 LNGCC_PDF       = F,
 LNSPECIAL_PDF   = F,
 SPECIAL_PDF     = F,
 KINFLOW = '                                        ',
 LADV_DER_AS_AUX = F,
 LKINFLOW_AS_AUX = F,
 AMPL_KINFLOW_X  =  0.0000000E+00,
 AMPL_KINFLOW_Y  =  0.0000000E+00,
 AMPL_KINFLOW_Z  =  0.0000000E+00,
 KX_KINFLOW      =   1.000000    ,
 KY_KINFLOW      =   1.000000    ,
 KZ_KINFLOW      =   1.000000    ,
 DTPHASE_KINFLOW =  0.0000000E+00,
 RANDOM_GEN      = 'min_std                                 ',
 DER2_TYPE       = 'standard                                ',
 LRMWIG_RHO      = F,
 LRMWIG_FULL     = F,
 LRMWIG_XYAVERAGE        = F,
 LNOWRITE        = F,
 NOGHOST_FOR_ISAVE       = F,
 NGHOST_READ_FEWER       =           0,
 TEST_NONBLOCKING        = F,
 LWRITE_TRACERS  = F,
 LWRITE_FIXED_POINTS     = F,
 LREAD_OLDSNAP_LNRHO2RHO = F,
 LREAD_OLDSNAP_NOMAG     = F,
 LREAD_OLDSNAP_NOTESTFLOW        = F,
 LREAD_OLDSNAP_NOPSCALAR = F,
 LREAD_OLDSNAP_NOTESTFIELD       = F,
 LREAD_OLDSNAP_NOTESTSCALAR      = F,
 LREAD_OLDSNAP_NOSHEAR   = F,
 LREPAIR_SNAP    = F,
 LREAD_OLDSNAP_RHO2LNRHO = F,
 LREAD_OLDSNAP_NOSINK    = F,
 LWRITE_DIM_AGAIN        = T,
 LWRITE_LAST_POWERSNAP   = F,
 LREAD_AUX       = T,
 COMMENT_CHAR    = '#',
 IX      =           4,
 IY      =           4,
 IY2     =          -1,
 IZ      =           4,
 IZ2     =          -1,
 IZ3     =          -1,
 IZ4     =          -1,
 SLICE_POSITION  = 'p',
 XBOT_SLICE      =  0.0000000E+00,
 XTOP_SLICE      =   1.000000    ,
 YBOT_SLICE      =  0.0000000E+00,
 YTOP_SLICE      =   1.000000    ,
 ZBOT_SLICE      =  0.0000000E+00,
 ZTOP_SLICE      =   1.000000    ,
 BCX     = 7*'p      ',
 BCY     = 7*'p      ',
 BCZ     = 7*'p      ',
 R_INT   =  0.0000000E+00,
 R_EXT   =  3.9084999E+37,
 R_INT_BORDER    =  3.9084999E+37,
 R_EXT_BORDER    =  3.9084999E+37,
 LFREEZE_VARSQUARE       = 7*F,
 LFREEZE_VARINT  = 7*F,
 LFREEZE_VAREXT  = 7*F,
 XFREEZE_SQUARE  =  3.9084999E+37,
 YFREEZE_SQUARE  =  3.9084999E+37,
 RFREEZE_INT     = -3.9084999E+37,
 RFREEZE_EXT     =  3.9084999E+37,
 WFREEZE =  0.0000000E+00,
 WFREEZE_INT     =  0.0000000E+00,
 WFREEZE_EXT     =  0.0000000E+00,
 WBORDER =  0.0000000E+00,
 WBORDER_INT     =  0.0000000E+00,
 WBORDER_EXT     =  0.0000000E+00,
 TBORDER =  0.0000000E+00,
 LUSE_OLDGRID    = T,
 LUSE_XYZ1       = F,
 FSHIFT_INT      =  -1.000000    ,
 FSHIFT_EXT      =   1.000000    ,
 LPERSIST        = T,
 IRESET_TSTART   =           2,
 TSTART  =   1.000000    ,
 LSEPARATE_PERSIST       = F,
 LDISTRIBUTE_PERSIST     = F,
 LOMIT_ADD_DATA  = F,
 FBCX1   = 7*0.0000000E+00  ,
 FBCX2   = 7*0.0000000E+00  ,
 FBCX1_2 = 7*0.0000000E+00  ,
 FBCX2_2 = 7*0.0000000E+00  ,
 FBCY1   = 7*0.0000000E+00  ,
 FBCY2   = 7*0.0000000E+00  ,
 FBCY1_1 = 7*0.0000000E+00  ,
 FBCY1_2 = 7*0.0000000E+00  ,
 FBCY2_1 = 7*0.0000000E+00  ,
 FBCY2_2 = 7*0.0000000E+00  ,
 FBCZ1   = 7*0.0000000E+00  ,
 FBCZ2   = 7*0.0000000E+00  ,
 FBCZ1_1 = 7*0.0000000E+00  ,
 FBCZ1_2 = 7*0.0000000E+00  ,
 FBCZ2_1 = 7*0.0000000E+00  ,
 FBCZ2_2 = 7*0.0000000E+00  ,
 FBCX_BOT        = 7*0.0000000E+00  ,
 FBCX_TOP        = 7*0.0000000E+00  ,
 FBCY_BOT        = 7*0.0000000E+00  ,
 FBCY_TOP        = 7*0.0000000E+00  ,
 FBCZ_BOT        = 7*0.0000000E+00  ,
 FBCZ_TOP        = 7*0.0000000E+00  ,
 UDRIFT_BC       =  0.0000000E+00,
 TTRANSIENT      =  0.0000000E+00,
 TAVG    =  0.0000000E+00,
 IDX_TAVG        =           0,
 LSERIAL_IO      = F,
 NR_DIRECTIONS   =           1,
 LSFU    = F,
 LSFB    = F,
 LSFZ1   = F,
 LSFZ2   = F,
 LSFFLUX = F,
 LPDFU   = F,
 LPDFB   = F,
 LPDFZ1  = F,
 LPDFZ2  = F,
 ONEDALL = F,
 PRETEND_LNTT    = F,
 OLD_CDTV        = F,
 LMAXADVEC_SUM   = F,
 SAVE_LASTSNAP   = T,
 LWRITE_AUX      = T,
 LWRITE_DVAR     = F,
 FORCE_LOWER_BOUND       = '                                        ',
 FORCE_UPPER_BOUND       = '                                        ',
 ONED    = F,
 TWOD    = F,
 LPOINT  =          51,
 MPOINT  =          51,
 NPOINT  =          99,
 LPOINT2 =          25,
 MPOINT2 =          25,
 NPOINT2 =          49,
 IPROC_PT        =           0,
 IPROC_P2        =           0,
 BORDER_FRAC_X   = 2*0.0000000E+00  ,
 BORDER_FRAC_Y   = 2*0.0000000E+00  ,
 BORDER_FRAC_Z   = 2*0.0000000E+00  ,
 LBORDER_HYPER_DIFF      = T,
 LCYLINDER_IN_A_BOX      = F,
 LSPHERE_IN_A_BOX        = F,
 IPENCIL_SWAP    =           0,
 LPENCIL_REQUESTED_SWAP  = T,
 LPENCIL_DIAGNOS_SWAP    = F,
 LPENCIL_CHECK   = F,
 LPENCIL_CHECK_SMALL     = T,
 LPENCIL_CHECK_NO_ZEROS  = T,
 LPENCIL_CHECK_DIAGNOS_OPTI      = F,
 LPENCIL_INIT    = F,
 PENC0   =   2.345678    ,
 LWRITE_2D       = F,
 LBIDIAGONAL_DERIJ       = T,
 LISOTROPIC_ADVECTION    = F,
 CRASH_FILE_DTMIN_FACTOR =  -1.000000    ,
 LTESTPERTURB    = F,
 EPS_RKF =  9.9999999E-09,
 EPS_STIFF       =  1.0000000E-06,
 TIMESTEP_SCALING        = 7*'cons_err            ',
 LEQUATORY       = T,
 LEQUATORZ       = F,
 ZEQUATOR        =  0.0000000E+00,
 LINI_T_EQ_ZERO  = F,
 LINI_T_EQ_ZERO_ONCE     = F,
 LAV_SMALLX      = F,
 XAV_MAX =  3.9084999E+37,
 LDT_PARONLY     = F,
 LWENO_TRANSPORT = F,
 IT_TIMING       =           0,
 HAR_SPEC        = F,
 HAV_SPEC        = F,
 J_SPEC  = F,
 JB_SPEC = F,
 JA_SPEC = F,
 LREAD_LESS      = F,
 LREAD_NOGRID    = F,
 LFORMAT = F,
 LTEC    = F,
 LLSODE  = F,
 LSPLIT_SECOND   = F,
 NU_STS  =  0.1000000    ,
 PERMUTE_STS     =           0,
 LFARGO_ADVECTION        = F,
 LDYNAMICAL_DIFFUSION    = F,
 LDYNDIFF_USEUMAX        = T,
 RE_MESH =  0.5000000    ,
 LGHOSTFOLD_USEBSPLINE   = F,
 LRESET_SEED     = F,
 LOUTPUT_VARN_AT_EXACT_TSNAP     = F,
 LSTOP_ON_IOERROR        = T,
 MAILADDRESS     = '                                                                                                                 
                                                                                                                                     
          ',
 THETA_LOWER_BORDER      =  3.9084999E+37,
 WBORDER_THETA_LOWER     =  0.0000000E+00,
 THETA_UPPER_BORDER      =  3.9084999E+37,
 WBORDER_THETA_UPPER     =  0.0000000E+00,
 FRACTION_TBORDER        =   1.000000    ,
 LMERIDIONAL_BORDER_DRIVE        = F,
 LREAD_FROM_OTHER_PREC   = F,
 DOWNSAMPL       = 3*1,
 LFULLVAR_IN_SLICES      = F,
 IVAR_OMIT       = 2*0,
 LSUBSTRACT_REFERENCE_STATE      = F,
 LZAVER_ON_INPUT = F,
 LDIRECT_ACCESS  = F,
 LPROPER_AVERAGES        = F,
 LMAXIMAL_CDT    = F,
 LMAXIMAL_CDTV   = F,
 PIPE_FUNC       = 'error_function                          ',
 GLNCROSSSEC0    =  0.0000000E+00,
 CROSSSEC_X1     =  -1.000000    ,
 CROSSSEC_X2     =   1.000000    ,
 CROSSSEC_W      =  0.1000000    ,
 CYINYANG_INTPOL_TYPE    = 'bilinear                                ',
 YY_BIQUAD_WEIGHTS       = 4*3.9084999E+37  ,
 LCUTOFF_CORNERS = F,
 NYCUT   =         102,
 NZCUT   =         198,
 REL_DANG        =  0.0000000E+00,
 LIGNORE_NONEQUI = F,
 TAG_FOREIGN     =           0,
 TAU_AVER1       =   1.000000    ,
 FMT_AVGS        = 'e14.5e3                       ',
 OU_OMEGA        = F,
 OU_KZSPEC       = F,
 AB_KZSPEC       = F,
 COR_UU  = F,
 OU_POLAR        = F,
 AB_POLAR        = F,
 JB_POLAR        = F
 /
 &EOS_RUN_PARS
 XHE     =  0.0000000E+00,
 MU      =   1.000000    ,
 CP      =   1.000000    ,
 CS0     =  0.5773503    ,
 RHO0    =   1.000000    ,
 GAMMA   =   1.000000    ,
 ERROR_CP        =  1.0000000E-06,
 PRES_CORR       =  0.1000000    ,
 SIGMASBT        =   1.000000    ,
 LANELASTIC_LIN  = F,
 LCS_AS_AUX      = F,
 LCS_AS_COMAUX   = F
 /
 &HYDRO_RUN_PARS
 OMEGA   =  0.0000000E+00,
 THETA   =  0.0000000E+00,
 TDAMP   =  0.0000000E+00,
 DAMPU   =  0.0000000E+00,
 DAMPUEXT        =  0.0000000E+00,
 DAMPUINT        =  0.0000000E+00,
 RDAMPEXT        =  3.9084999E+37,
 RDAMPINT        =  3.9084999E+37,
 WDAMP   =  0.0000000E+00,
 TAU_DAMP_RUXM   =  0.0000000E+00,
 TAU_DAMP_RUYM   =  0.0000000E+00,
 TAU_DAMP_RUZM   =  0.0000000E+00,
 TAU_DIFFROT1    =  0.0000000E+00,
 INITUU  = 5*'nothing                                 ',
 AMPLUU  = 5*0.0000000E+00  ,
 KZ_UU   =   1.000000    ,
 AMPL1_DIFFROT   =  0.0000000E+00,
 AMPL2_DIFFROT   =  0.0000000E+00,
 UUPROF  = 'nothing                                 ',
 XEXP_DIFFROT    =   1.000000    ,
 KX_DIFFROT      =   1.000000    ,
 KZ_DIFFROT      =  0.0000000E+00,
 KZ_ANALYSIS     =   1.000000    ,
 PHASE_DIFFROT   =  0.0000000E+00,
 AMPL_WIND       =  0.0000000E+00,
 LREINITIALIZE_UU        = F,
 LREMOVE_MEAN_MOMENTA    = F,
 LREMOVE_MEAN_FLOW       = F,
 LREMOVE_UUMEANX = F,
 LREMOVE_UUMEANY = F,
 LREMOVE_UUMEANXY        = F,
 LREMOVE_UUMEANZ = F,
 LREMOVE_UUMEANZ_HORIZONTAL      = F,
 LDAMP_FADE      = F,
 TFADE_START     =  -1.000000    ,
 LOMEGA_INT      = F,
 OMEGA_INT       =  0.0000000E+00,
 LUPW_UU = T,
 OTHRESH =  0.0000000E+00,
 OTHRESH_PER_ORMS        =  0.0000000E+00,
 BORDERUU        = 3*'nothing                                 ',
 LFREEZE_UINT    = F,
 LPRESSUREGRADIENT_GAS   = T,
 LFREEZE_UEXT    = F,
 LCORIOLIS_FORCE = T,
 LCENTRIFUGAL_FORCE      = F,
 LADVECTION_VELOCITY     = T,
 OMEGA_OUT       =  0.0000000E+00,
 OMEGA_IN        =  0.0000000E+00,
 LPRECESSION     = F,
 OMEGA_PRECESSION        =  0.0000000E+00,
 OMEGA_FOURIER   =  0.0000000E+00,
 ALPHA_PRECESSION        =  0.0000000E+00,
 LSHEAR_RATEOFSTRAIN     = F,
 R_OMEGA =  0.0000000E+00,
 W_OMEGA =  0.0000000E+00,
 LRELATIVISTIC   = F,
 LALWAYS_USE_GIJ_ETC     = F,
 AMP_CENTFORCE   =   1.000000    ,
 LCALC_UUMEAN    = F,
 LCALC_UUMEANX   = F,
 LCALC_UUMEANXY  = F,
 LCALC_UUMEANXZ  = F,
 LCALC_UUMEANZ   = F,
 LCALC_RUUMEANZ  = F,
 LCALC_RUUMEANXY = F,
 LFORCING_CONT_UU        = F,
 WIDTH_FF_UU     =   1.000000    ,
 X1_FF_UU        =  0.0000000E+00,
 X2_FF_UU        =  0.0000000E+00,
 LOO_AS_AUX      = F,
 LUUT_AS_AUX     = F,
 LOOT_AS_AUX     = F,
 LOUTEST = F,
 LDIFFROT_TEST   = F,
 INTERIOR_BC_HYDRO_PROFILE       = 'nothing                                 ',
 LHYDRO_BC_INTERIOR      = F,
 Z1_INTERIOR_BC_HYDRO    =  0.0000000E+00,
 VELOCITY_CEILING        =  0.0000000E+00,
 EKMAN_FRICTION  =  0.0000000E+00,
 AMPL_OMEGA      =  0.0000000E+00,
 LCORIOLIS_XDEP  = F,
 AMPL_FORC       =  0.0000000E+00,
 K_FORC  =  3.9084999E+37,
 W_FORC  =  0.0000000E+00,
 X_FORC  =  0.0000000E+00,
 DX_FORC =  0.1000000    ,
 AMPL_FCONT_UU   =   1.000000    ,
 LNO_MERIDIONAL_FLOW     = F,
 LROTATION_XAXIS = F,
 K_DIFFROT       =   1.000000    ,
 SHEARX  =  0.0000000E+00,
 RESCALE_UU      =  0.0000000E+00,
 HYDRO_XAVER_RANGE       =  -9.424778    ,   9.424778    ,
 RA      =  0.0000000E+00,
 PR      =  0.0000000E+00,
 LLINEARIZED_HYDRO       = F,
 LREMOVE_MEAN_ANGMOM     = F,
 LPROPAGATE_BORDERUU     = T,
 HYDRO_ZAVER_RANGE       =  -9.424778    ,   9.424778    ,
 INDEX_RSH       =           1,
 UZJET   =  0.0000000E+00,
 YDAMPINT        =  3.9084999E+37,
 YDAMPEXT        =  3.9084999E+37,
 MEAN_MOMENTUM   = 3*0.0000000E+00  ,
 LSHEAR_IN_CORIOLIS      = F,
 LCDT_TAUF       = F,
 CDT_TAUF        =   1.000000    ,
 ULEV    =   1.000000    ,
 W_SLDCHAR_HYD   =   1.000000    ,
 UPHI_RBOT       =   1.000000    ,
 UPHI_RTOP       =   1.000000    ,
 UPHI_STEP_WIDTH =  0.0000000E+00,
 LOMEGA_CYL_XY   = F,
 LNO_RADIAL_ADVECTION    = F,
 LFARGOADVECTION_AS_SHIFT        = T,
 LHELMHOLTZ_DECOMP       = F,
 LIMPOSE_ONLY_HORIZONTAL_UUMZ    = F,
 LUU_FLUC_AS_AUX = F,
 OM_INNER        =  0.0000000E+00,
 LUU_SPH_AS_AUX  = F
 /
 &DENSITY_RUN_PARS
 CDIFFRHO        =  0.0000000E+00,
 DIFFRHO =  0.0000000E+00,
 DIFFRHO_HYPER3  =  0.0000000E+00,
 DIFFRHO_HYPER3_MESH     =   5.000000    ,
 DIFFRHO_SHOCK   =  0.0000000E+00,
 CS2BOT  =  0.3333333    ,
 CS2TOP  =  0.3333333    ,
 LUPW_LNRHO      = T,
 LUPW_RHO        = F,
 IDIFF   = 4*'                                        ',
 LMASS_SOURCE    = F,
 LMASS_SOURCE_RANDOM     = F,
 DIFF_CSPEED     =  0.5000000    ,
 MASS_SOURCE_PROFILE     = 'nothing                                 ',
 MASS_SOURCE_MDOT        =  0.0000000E+00,
 MASS_SOURCE_SIGMA       =  0.0000000E+00,
 MASS_SOURCE_OFFSET      =  0.0000000E+00,
 RMAX_MASS_SOURCE        =  0.0000000E+00,
 LNRHO_INT       =  0.0000000E+00,
 LNRHO_EXT       =  0.0000000E+00,
 DAMPLNRHO_INT   =  0.0000000E+00,
 DAMPLNRHO_EXT   =  0.0000000E+00,
 WDAMP   =  0.0000000E+00,
 LFREEZE_LNRHOINT        = F,
 LFREEZE_LNRHOEXT        = F,
 LNRHO_CONST     =  0.0000000E+00,
 LCONTINUITY_GAS = T,
 BORDERLNRHO     = 'nothing                                 ',
 DIFFRHO_HYPER3_ANISO    = 3*0.0000000E+00  ,
 LFREEZE_LNRHOSQU        = F,
 DENSITY_FLOOR   =  -1.000000    ,
 LANTI_SHOCKDIFFUSION    = F,
 LRHO_AS_AUX     = F,
 LDIFFUSION_NOLOG        = F,
 LCHECK_NEGATIVE_DENSITY = F,
 LMASSDIFF_FIX   = F,
 LMASSDIFF_FIXMOM        = F,
 LMASSDIFF_FIXKIN        = F,
 LCALC_LNRHOMEAN = F,
 LCALC_GLNRHOMEAN        = F,
 LDENSITY_PROFILE_MASSCONS       = F,
 LFFREE  = F,
 FFREE_PROFILE   = 'none                                    ',
 RZERO_FFREE     =  0.0000000E+00,
 WFFREE  =  0.0000000E+00,
 TSTART_MASS_SOURCE      =  0.0000000E+00,
 TSTOP_MASS_SOURCE       =  -1.000000    ,
 DENSITY_XAVER_RANGE     =  -9.424778    ,   9.424778    ,
 MASS_SOURCE_TAU1        =   1.000000    ,
 REDUCE_CS2      =   1.000000    ,
 LREDUCED_SOUND_SPEED    = F,
 LRELATIVISTIC_EOS       = T,
 LADVECTION_DENSITY      = T,
 XBLOB   = 5*0.0000000E+00  ,
 YBLOB   = 5*0.0000000E+00  ,
 ZBLOB   = 5*0.0000000E+00  ,
 MASS_SOURCE_OMEGA       =  0.0000000E+00,
 LSCALE_TO_CS2TOP        = F,
 DENSITY_ZAVER_RANGE     =  -9.424778    ,   9.424778    ,
 RSS_COEF1       =   1.000000    ,
 RSS_COEF2       =   1.000000    ,
 IEOS_PROFILE    = 'nothing                                 ',
 WIDTH_EOS_PROF  =  0.2000000    ,
 BETA_GLNRHO_GLOBAL      = 3*0.0000000E+00  ,
 LCONSERVE_TOTAL_MASS    = F,
 TOTAL_MASS      =   6697.341    ,
 DENSITY_CEILING =  -1.000000    ,
 LREINITIALIZE_LNRHO     = F,
 LREINITIALIZE_RHO       = F,
 INITLNRHO       = 5*'nothing                                 ',
 RESCALE_RHO     =   1.000000    ,
 LSUBTRACT_INIT_STRATIFICATION   = F,
 IREFERENCE_STATE        = 'nothing                                 ',
 H_SLD_DENS      =   2.000000    ,
 LRHO_FLUCZ_AS_AUX       = F,
 NLF_SLD_DENS    =   1.000000    ,
 DIV_SLD_DENS    = '2nd                                     '
 /
 &FORCING_RUN_PARS
 TFORCE_START    =  0.0000000E+00,
 TFORCE_START2   =  0.0000000E+00,
 IFORCE  = 'zero                                    ',
 FORCE   =  0.0000000E+00,
 FORCE_DOUBLE    =  0.0000000E+00,
 RELHEL  =   1.000000    ,
 CROSSHEL        =  0.0000000E+00,
 HEIGHT_FF       =  0.0000000E+00,
 R_FF    =  0.0000000E+00,
 R_FF_HEL        =  0.0000000E+00,
 RCYL_FF =  0.0000000E+00,
 WIDTH_FF        =  0.5000000    ,
 NEXP_FF =   1.000000    ,
 LFF_AS_AUX      = F,
 BCONST  =   1.000000    ,
 BSLOPE  =  0.0000000E+00,
 IFORCE2 = 'zero                                    ',
 FORCE2  =  0.0000000E+00,
 FORCE1_SCL      =   1.000000    ,
 FORCE2_SCL      =   1.000000    ,
 IFORCING_ZSYM   =           0,
 KFOUNTAIN       =           5,
 FOUNTAIN        =   1.000000    ,
 TFORCE_STOP     =  3.9084999E+37,
 TFORCE_STOP2    =  3.9084999E+37,
 RADIUS_FF       =  0.0000000E+00,
 K1_FF   =   1.000000    ,
 KX_FF   =   1.000000    ,
 KY_FF   =   1.000000    ,
 KZ_FF   =   1.000000    ,
 SLOPE_FF        =  0.0000000E+00,
 WORK_FF =  0.0000000E+00,
 LMOMENTUM_FF    = F,
 OMEGA_FF        =  0.0000000E+00,
 N_EQUATOR_FF    =   1.000000    ,
 LOCATION_FIXED  = 3*0.0000000E+00  ,
 LRANDOM_LOCATION        = T,
 LWRITE_GAUSSPOT_TO_FILE = F,
 LWRITE_GAUSSPOT_TO_FILE_ALWAYS  = F,
 WFF_AMPL        =  0.0000000E+00,
 XFF_AMPL        =  0.0000000E+00,
 YFF_AMPL        =  0.0000000E+00,
 ZFF_AMPL        =  0.0000000E+00,
 ZFF_HEL =  0.0000000E+00,
 WFF2_AMPL       =  0.0000000E+00,
 XFF2_AMPL       =  0.0000000E+00,
 YFF2_AMPL       =  0.0000000E+00,
 ZFF2_AMPL       =  0.0000000E+00,
 LHYDRO_FORCING  = T,
 LNEUTRAL_FORCING        = F,
 LMAGNETIC_FORCING       = F,
 LTESTFIELD_FORCING      = F,
 LTESTFLOW_FORCING       = F,
 LCROSSHEL_FORCING       = F,
 LXXCORR_FORCING = F,
 LXYCORR_FORCING = F,
 JTEST_AA0       =           5,
 JTEST_UU0       =           1,
 MAX_FORCE       =  3.9084999E+37,
 DTFORCE =  0.0000000E+00,
 DTFORCE_DURATION        =  -1.000000    ,
 OLD_FORCING_EVECTOR     = F,
 LFORCING_COEFS_HEL_DOUBLE       = F,
 DTFORCE_AMPL    =  0.5000000    ,
 IFORCE_PROFILE  = 'nothing                                 ',
 IFORCE_TPROFILE = 'nothing                                 ',
 LSCALE_KVECTOR_TOBOX    = F,
 FORCE_DIRECTION = 3*0.0000000E+00  ,
 FORCE_STRENGTH  =  0.0000000E+00,
 LHELICAL_TEST   = F,
 LFASTCK = F,
 FPRE    =   1.000000    ,
 HELSIGN =           0,
 NLIST_CK        =          25,
 LWRITE_PSI      = F,
 CK_EQUATOR_GAP  =  0.0000000E+00,
 CK_GAP_STEP     =  0.0000000E+00,
 ABC_A   = 2*1.000000       ,
 ABC_B   = 2*1.000000       ,
 ABC_C   = 2*1.000000       ,
 LFORCING_CONT   = F,
 IFORCING_CONT   = 2*'nothing                                 ',
 Z_CENTER_FCONT  = 2*0.0000000E+00  ,
 Z_CENTER        =  0.0000000E+00,
 LEMBED  = F,
 K1_FF   =   1.000000    ,
 AMPL_FF = 2*1.000000       ,
 AMPL1_FF        = 2*0.0000000E+00  ,
 WIDTH_FCONT     = 2*1.000000       ,
 X1_FCONT        = 2*0.0000000E+00  ,
 X2_FCONT        = 2*0.0000000E+00  ,
 KF_FCONT        = 2*3.9084999E+37  ,
 OMEGA_FCONT     = 2*0.0000000E+00  ,
 OMEGAY_FCONT    = 2*0.0000000E+00  ,
 OMEGAZ_FCONT    = 2*0.0000000E+00  ,
 EPS_FCONT       = 2*0.0000000E+00  ,
 LSAMESIGN       = T,
 LSHEARING_ADJUST_OLD    = F,
 EQUATOR =  0.0000000E+00,
 LSCALE_KVECTOR_FAC      = F,
 SCALE_KVECTORX  =   1.000000    ,
 SCALE_KVECTORY  =   1.000000    ,
 SCALE_KVECTORZ  =   1.000000    ,
 LFORCE_PERI     = F,
 LFORCE_CUTY     = F,
 LFORCING2_SAME  = F,
 LFORCING2_CURL  = F,
 TGENTLE = 2*0.0000000E+00  ,
 RANDOM2D_KMIN   =           0,
 RANDOM2D_KMAX   =           0,
 L2DXZ   = F,
 L2DYZ   = F,
 K2D     =           0,
 Z_BB    = 2*0.1000000      ,
 WIDTH_BB        = 2*0.1000000      ,
 ETA_BB  = 2*9.9999997E-05  ,
 FCONT_AMPL      = 2*1.000000       ,
 AMPL_DIFFROT    =   1.000000    ,
 OMEGA_EXPONENT  =   1.000000    ,
 KX_2DF  =  0.0000000E+00,
 KY_2DF  =  0.0000000E+00,
 XMINF   =  0.0000000E+00,
 XMAXF   =  0.0000000E+00,
 YMINF   =  0.0000000E+00,
 YMAXF   =  0.0000000E+00,
 LAVOID_XYMEAN   = F,
 LAVOID_YMEAN    = F,
 LAVOID_ZMEAN    = F,
 LDISCRETE_PHASES        = F,
 OMEGA_TIDAL     =   1.000000    ,
 R0_TIDAL        =   1.000000    ,
 PHI_TIDAL       =   1.000000    ,
 OMEGA_VORTEX    =  0.0000000E+00,
 LFORCE_RAMP_DOWN        = F,
 TFORCE_RAMP_DOWN        =   1.10000002384186     ,
 TAUFORCE_RAMP_DOWN      =   1.00000000000000     ,
 N_HEL_SIN_POW   =  0.0000000E+00,
 KZLARGE =           1,
 CS0EFF  =  0.5773503    ,
 CHANNEL_FORCE   =           1,
 TORUS%CENTER  = 3*0.0000000E+00  ,
 TORUS%TH      =  0.0000000E+00,
 TORUS%PH      =  0.0000000E+00,
 TORUS%R_IN    =  0.0000000E+00,
 TORUS%THICK   =  0.0000000E+00,
 TORUS%HEIGHT  =  0.0000000E+00,
 TORUS%OMEGA_PREC      =  0.0000000E+00,
 TORUS%EXTR_RATE       =  0.0000000E+00,
 TORUS%EXTZ_RATE       =  0.0000000E+00,
 TORUS%WOB_AMP = 3*0.0000000E+00  ,
 TORUS%WOB_OM  = 3*0.0000000E+00  ,
 TORUS%WOB_PHASE       = 3*0.0000000E+00  ,
 TORUS%CENTER0 = 3*0.0000000E+00  ,
 TORUS%TH0     =  0.0000000E+00,
 TORUS%PH0     =  0.0000000E+00,
 TORUS%R_IN0   =  0.0000000E+00,
 TORUS%HEIGHT0 =  0.0000000E+00,
 OMEGA_VORTEX    =  0.0000000E+00,
 LRANDOM_TIME    = F
 /
 &MAGNETIC_RUN_PARS
 ETA     =  1.0000000E-07,
 ETA1    =  0.0000000E+00,
 ETA_HYPER2      =  0.0000000E+00,
 ETA_HYPER3      =  0.0000000E+00,
 ETA_ANOM        =  0.0000000E+00,
 ETA_ANOM_THRESH =  0.0000000E+00,
 ETA_AMPL        =  0.0000000E+00,
 B_EXT   = 3*0.0000000E+00  ,
 B0_EXT  = 3*0.0000000E+00  ,
 T_BEXT  =  0.0000000E+00,
 T0_BEXT =  0.0000000E+00,
 J_EXT   = 3*0.0000000E+00  ,
 J_EXT_QUENCH    =  0.0000000E+00,
 OMEGA_BZ_EXT    =  0.0000000E+00,
 NU_NI   =  0.0000000E+00,
 HALL_TERM       =  0.0000000E+00,
 HHALL   =  0.0000000E+00,
 BATTERY_TERM    =  0.0000000E+00,
 IHALL_TERM      = 'const                                   ',
 HALL_TDEP_T0    =  0.0000000E+00,
 HALL_TDEP_EXPONENT      =  0.0000000E+00,
 HALL_ZDEP_EXPONENT      =   4.000000    ,
 ETA_HYPER3_MESH =   5.000000    ,
 ETA_TDEP_EXPONENT       = -0.4300000    ,
 ETA_TDEP_T0     =   1.000000    ,
 ETA_TDEP_TOFFSET        =  0.0000000E+00,
 LRESI_ETA_TDEP_T0_NORM  = F,
 TAU_AA_EXTERIOR =  0.0000000E+00,
 TAUAD   =  0.0000000E+00,
 KX_AA   = 5*1.000000       ,
 KY_AA   = 5*1.000000       ,
 KZ_AA   = 5*1.000000       ,
 LCALC_AAMEAN    = F,
 LOHMIC_HEAT     = T,
 LFORCING_CONT_AA        = F,
 LFORCING_CONT_AA_LOCAL  = F,
 IFORCING_CONTINUOUS_AA  = 'fixed_swirl                             ',
 FORCING_CONTINUOUS_AA_PHASEFACT =   1.000000    ,
 FORCING_CONTINUOUS_AA_AMPLFACT  =   1.000000    ,
 K1_FF   =   1.000000    ,
 AMPL_FF =   1.000000    ,
 SWIRL   =   1.000000    ,
 RADIUS  =  0.1000000    ,
 EPSILONAA       =  9.9999998E-03,
 K1X_FF  =   1.000000    ,
 K1Y_FF  =   1.000000    ,
 K1Z_FF  =   1.000000    ,
 CENTER1_X       =  0.0000000E+00,
 CENTER1_Y       =  0.0000000E+00,
 CENTER1_Z       =  0.0000000E+00,
 LCHECK_POSITIVE_VA2     = F,
 LMEAN_FRICTION  = F,
 LLOCAL_FRICTION = F,
 LLAMBDA_AA      =  0.0000000E+00,
 BTHRESH =  0.0000000E+00,
 BTHRESH_PER_BRMS        =  0.0000000E+00,
 IRESISTIVITY    = 'eta-tdep                                ', 3*'                                        ',
 LWEYL_GAUGE     = F,
 LADVECTIVE_GAUGE        = F,
 LADVECTIVE_GAUGE2       = F,
 LUPW_AA = T,
 ALPHASSM        =  0.0000000E+00,
 ETA_INT =  0.0000000E+00,
 ETA_EXT =  0.0000000E+00,
 ETA_SHOCK       =  0.0000000E+00,
 ETA_VA  =  0.0000000E+00,
 ETA_J   =  0.0000000E+00,
 ETA_J2  =  0.0000000E+00,
 ETA_JRHO        =  0.0000000E+00,
 ETA_MIN =  0.0000000E+00,
 WRESISTIVITY    =  9.9999998E-03,
 ETA_XY_MAX      =   1.000000    ,
 RHOMIN_JXB      =  0.0000000E+00,
 VA2MAX_JXB      =  0.0000000E+00,
 VA2MAX_BORIS    =  0.0000000E+00,
 VA_MIN  =  0.0000000E+00,
 CMIN    =  0.0000000E+00,
 VA2POWER_JXB    =           5,
 LLORENTZFORCE   = T,
 LINDUCTION      = T,
 LDIAMAGNETISM   = F,
 B2_DIAMAG       =  0.0000000E+00,
 REINITIALIZE_AA = F,
 RESCALE_AA      =  0.0000000E+00,
 INITAA  = 'power_randomphase_hel                   ', 4*'nothing                                 ',
 AMPLAA  =  0.1100000    , 4*0.0000000E+00  ,
 LCOVARIANT_MAGNETIC     = F,
 LB_EXT_POT      = F,
 D_SMAG  =  0.1700000    ,
 BRMS_TARGET     =   1.000000    ,
 RESCALING_FRACTION      =   1.000000    ,
 LFREEZE_AINT    = F,
 LFREEZE_AEXT    = F,
 SIGMA_RATIO     =   1.000000    ,
 ZDEP_PROFILE    = 'fs                                      ',
 YDEP_PROFILE    = 'two-step                                ',
 XDEP_PROFILE    = 'two-step                                ',
 RDEP_PROFILE    = 'two-step                                ',
 HEIGHT_ETA      =  0.0000000E+00,
 ETA_OUT =  0.0000000E+00,
 ETA_XWIDTH      =  0.0000000E+00,
 ETA_YWIDTH      =  0.0000000E+00,
 ETA_ZWIDTH      =  0.0000000E+00,
 ETA_RWIDTH      =  0.0000000E+00,
 ETA_ZWIDTH2     =  0.0000000E+00,
 ETA_XWIDTH0     =  0.0000000E+00,
 ETA_XWIDTH1     =  0.0000000E+00,
 ETA_RWIDTH0     =  0.0000000E+00,
 ETA_RWIDTH1     =  0.0000000E+00,
 ETA_Z0  =   1.000000    ,
 ETA_Z1  =   1.000000    ,
 ETA_Y0  =   1.000000    ,
 ETA_Y1  =   1.000000    ,
 ETA_X0  =   1.000000    ,
 ETA_X1  =   1.000000    ,
 ETA_R0  =   1.000000    ,
 ETA_R1  =   1.000000    ,
 ETA1_ANISO_RATIO        =  3.9084999E+37,
 ETA1_ANISO      =  3.9084999E+37,
 ETA1_ANISO_R    =  0.0000000E+00,
 ETA1_ANISO_D    =  0.0000000E+00,
 ALP_ANISO       =  0.0000000E+00,
 QUENCH_ANISO    =  3.9084999E+37,
 ETA_ANISO_BB    =  0.0000000E+00,
 ETA_SPITZER     =  0.0000000E+00,
 BORDERAA        = 3*'nothing                                 ',
 LJJ_AS_COMAUX   = F,
 LSMOOTH_JJ      = F,
 ETA_ANISO_HYPER3        = 3*0.0000000E+00  ,
 LELECTRON_INERTIA       = F,
 INERTIAL_LENGTH =  0.0000000E+00,
 LBEXT_CURVILINEAR       = T,
 LBB_AS_AUX      = F,
 LBB_AS_COMAUX   = F,
 LB_EXT_IN_COMAUX        = T,
 LJJ_AS_AUX      = F,
 LKINEMATIC      = F,
 LBBT_AS_AUX     = F,
 LJJT_AS_AUX     = F,
 LUA_AS_AUX      = F,
 LJXB_AS_AUX     = F,
 LNEUTRALION_HEAT        = T,
 LRESET_AA       = F,
 DAARESET        =  0.0000000E+00,
 ETA_SHOCK2      =  0.0000000E+00,
 LIGNORE_BEXT_IN_B2      = F,
 LUSE_BEXT_IN_B2 = T,
 AMPL_FCONT_AA   =   1.000000    ,
 LHALOX  = F,
 VCRIT_ANOM      =   1.000000    ,
 ETA_JUMP        =  0.0000000E+00,
 ETA_JUMP2       =  0.0000000E+00,
 LRUN_INITAA     = F,
 TWO_STEP_FACTOR =   1.000000    ,
 MAGNETIC_XAVER_RANGE    =  -9.424778    ,   9.424778    ,
 A_RELAXPROFILE  = '0,coskz,0                               ',
 TAU_RELPROF     =  0.0000000E+00,
 AMP_RELPROF     =   1.000000    ,
 K_RELPROF       =   1.000000    ,
 LMAGNETO_FRICTION       = F,
 NUMAG   =  0.0000000E+00,
 MAGNETIC_ZAVER_RANGE    =  -9.424778    ,   9.424778    ,
 LNCR_CORRELATED = F,
 LNCR_ANTICORRELATED     = F,
 NCR_QUENCH      =  0.0000000E+00,
 B0_MAGFRIC      =   1.000000    ,
 EKMAN_FRICTION_AA       =  0.0000000E+00,
 LBX_EXT_GLOBAL  = F,
 LBY_EXT_GLOBAL  = F,
 LBZ_EXT_GLOBAL  = F,
 LAX_EXT_GLOBAL  = F,
 LAY_EXT_GLOBAL  = F,
 LAZ_EXT_GLOBAL  = F,
 LIMPLICIT_RESISTIVITY   = F,
 AMBIPOLAR_DIFFUSION     = 'constant                                ',
 BETAMIN_JXB     =  0.0000000E+00,
 GAMMA_EPSPB     =   2.400000    ,
 LPROPAGATE_BORDERAA     = T,
 LREMOVE_MEANAZ  = F,
 LREMOVE_MEANAX  = F,
 LREMOVE_MEANAY  = F,
 LREMOVE_MEANAXY = F,
 LREMOVE_MEANAXZ = F,
 ETA_JUMP_SHOCK  =   1.000000    ,
 ETA_ZSHOCK      =   1.000000    ,
 TAU_REMOVE_MEANAXY      =   1.000000    ,
 ETA_WIDTH_SHOCK =  0.0000000E+00,
 ETA_XSHOCK      =   1.000000    ,
 LADD_GLOBAL_FIELD       = F,
 ETA_POWER_X     =  0.0000000E+00,
 ETA_POWER_Z     =  0.0000000E+00,
 LADD_EFIELD     = F,
 AMPL_EFIELD     =  0.0000000E+00,
 H_SLD_MAGN      =   2.000000    ,
 W_SLDCHAR_MAG   =   1.000000    ,
 LSLD_BB = F,
 ETA_CSPEED      =  0.5000000    ,
 LBORIS_CORRECTION       = F,
 LKEPLERIAN_GAUGE        = F,
 LREMOVE_VOLUME_AVERAGE  = F,
 RHOREF  =  3.9084999E+37,
 LAMBIPOLAR_STRONG_COUPLING      = F,
 LETASMAG_AS_AUX = F,
 PM_SMAG1        =   1.000000    ,
 AMPL_ETA_UZ     =  0.0000000E+00,
 LALFVEN_AS_AUX  = F,
 LNO_OHMIC_HEAT_BOUND_Z  = F,
 NO_OHMIC_HEAT_Z0        =   1.000000    ,
 NO_OHMIC_HEAT_ZWIDTH    =  0.0000000E+00,
 ALEV    =   1.000000    ,
 LRHS_MAX        = F,
 LNOINDUCTION    = F,
 LA_RELPROF_GLOBAL       = F,
 NLF_SLD_MAGN    =   1.000000    ,
 FAC_SLD_MAGN    =   1.000000    ,
 DIV_SLD_MAGN    = '2nd                                     ',
 LBB_SPH_AS_AUX  = F
 /
 &VISCOSITY_RUN_PARS
 LIMPLICIT_VISCOSITY     = F,
 NU      =  1.0000000E-07,
 NU_TDEP_EXPONENT        = -0.4300000    ,
 LVISC_NU_TDEP_T0_NORM   = F,
 NU_TDEP_T0      =   1.000000    ,
 NU_TDEP_TOFFSET =  0.0000000E+00,
 ZETA    =  0.0000000E+00,
 NU_HYPER2       =  0.0000000E+00,
 NU_HYPER3       =  0.0000000E+00,
 IVISC   = 'nu-tdep                                 ', 3*'                                        ',
 NU_MOL  =  0.0000000E+00,
 C_SMAG  =  0.0000000E+00,
 GAMMA_SMAG      =  0.0000000E+00,
 NU_SHOCK        =  0.0000000E+00,
 NU_ANISO_HYPER3 = 3*0.0000000E+00  ,
 LVISC_HEAT_AS_AUX       = F,
 NU_JUMP =   1.000000    ,
 ZNU     =   1.000000    ,
 XNU     =   1.000000    ,
 XNU2    =   1.000000    ,
 WIDTHNU =  0.1000000    ,
 WIDTHNU2        =  0.1000000    ,
 PNLAW   =  0.0000000E+00,
 LLAMBDA_EFFECT  = F,
 LAMBDA_V0       =  0.0000000E+00,
 LAMBDA_V1       =  0.0000000E+00,
 LAMBDA_H1       =  0.0000000E+00,
 NU_HYPER3_MESH  =   5.000000    ,
 LAMBDA_PROFILE  = 'uniform                                 ',
 RZERO_LAMBDA    =  3.9084999E+37,
 WLAMBDA =  0.0000000E+00,
 R1_LAMBDA       =  3.9084999E+37,
 R2_LAMBDA       =  3.9084999E+37,
 RMAX_LAMBDA     =  3.9084999E+37,
 OFFAMP_LAMBDA   =   1.000000    ,
 LAMBDA_JUMP     =  0.0000000E+00,
 LMEANFIELD_NU   = F,
 LMAGFIELD_NU    = F,
 MEANFIELD_NUB   =  0.0000000E+00,
 PRM_TURB        =  0.0000000E+00,
 ROFFSET_LAMBDA  =  0.0000000E+00,
 NU_SPITZER      =  0.0000000E+00,
 NU_JUMP2        =   1.000000    ,
 NU_SPITZER_MAX  =  0.0000000E+00,
 WIDTHNU_SHOCK   =  0.1000000    ,
 ZNU_SHOCK       =   1.000000    ,
 XNU_SHOCK       =   1.000000    ,
 NU_JUMP_SHOCK   =   1.000000    ,
 DYNU    =  0.0000000E+00,
 NNEWTON_TYPE    = 'none                                    ',
 NU_INFINITY     =  0.0000000E+00,
 NU0     =  0.0000000E+00,
 NON_NEWTON_LAMBDA       =  0.0000000E+00,
 CARREAU_EXPONENT        =  0.0000000E+00,
 NNEWTON_TSCALE  =  0.0000000E+00,
 NNEWTON_STEP_WIDTH      =  0.0000000E+00,
 LKIT_OLEM       = F,
 DAMP_SOUND      =  0.0000000E+00,
 LUSE_NU_RMN_PROF        = F,
 H_SLD_VISC      =   2.000000    ,
 NLF_SLD_VISC    =   1.000000    ,
 LNUSMAG_AS_AUX  = F,
 LSLD_NOTENSOR   = F,
 LVISC_SMAG_MA   = F,
 NU_SMAG_MA2_POWER       =  0.0000000E+00,
 NU_CSPEED       =  0.5000000    ,
 LNO_VISC_HEAT_ZBOUND    = F,
 NO_VISC_HEAT_Z0 =  3.4028235E+37,
 NO_VISC_HEAT_ZWIDTH     =  0.0000000E+00,
 DIV_SLD_VISC    = '2nd                                     ',
 LVISC_FORC_AS_AUX       = F
 /
 &SPECIAL_RUN_PARS
 CTRACE_FACTOR   = '1/3                                     ',
 CSTRESS_PREFACTOR       = '6                                       ',
 FOURTHIRD_IN_STRESS     = '4/3                                     ',
 LNO_TRANSVERSE_PART     = F,
 LDEBUG_PRINT    = F,
 LSWITCH_SIGN_E_X        = T,
 LSWITCH_SYMMETRIC       = T,
 LSTRESS_AS_AUX  = T,
 NSCALE_FACTOR_CONFORMAL =   1.000000    ,
 TSHIFT  =  0.0000000E+00,
 CC_LIGHT        = '1                                       ',
 LGAMMA_FACTOR   = F,
 LSTRESS_AS_AUX  = T,
 LKINGW  = T,
 AUX_STRESS      = 'stress                                  ',
 TAU_STRESS_COMP =  0.0000000E+00,
 EXP_STRESS_COMP =  0.0000000E+00,
 LELECTMAG       = F,
 TAU_STRESS_KICK =  0.0000000E+00,
 FAC_STRESS_KICK =   2.000000    ,
 DELK    =  0.0000000E+00,
 LREAL_SPACE_HTX_AS_AUX  = F,
 LREAL_SPACE_GTX_AS_AUX  = F,
 LGGTX_AS_AUX    = T,
 LHHTX_AS_AUX    = T,
 LREMOVE_MEAN_HIJ        = F,
 LREMOVE_MEAN_GIJ        = F,
 LINFLATION      = F
 /
 &POWER_SPECTRUM_RUN_PARS
 LINTEGRATE_SHELL        = T,
 LINTEGRATE_Z    = T,
 LCOMPLEX        = F,
 CKXRANGE        = '                                                                                                                 
                                                                                                                                     
          ',
 CKYRANGE        = '                                                                                                                 
                                                                                                                                     
          ',
 CZRANGE = '                                                                                                                         
                                                                                                                                     
  ',
 LCYLINDRICAL_SPECTRA    = F,
 INZ     =           0,
 N_SEGMENT_X     =           1,
 LHALF_FACTOR_IN_GW      = F,
 PDF_MAX =   30.00000    ,
 PDF_MIN =  -30.00000    ,
 PDF_MIN_LOGSCALE        =  -3.000000    ,
 PDF_MAX_LOGSCALE        =   3.000000    ,
 LREAD_GAUSS_QUADRATURE  = F,
 LEGENDRE_LMAX   =           1
 /
 &IO_PARS
 LCOLLECTIVE_IO  = F,
 IO_STRATEGY     = 'dist                                    '
 /
